drews 1.0
11 679
1.05427 0.007551 -0.00761
0.073759 0.997273 0.002643
0.293784 -0.019196 -0.955679
-0.953022 0.071267 -0.294399
0.794097 -0.293141 0.678221
1.04752 0.008669 -0.00871
-0.223882 0.974439 0.018587
0.347195 0.097561 -0.932704
-0.910677 -0.202362 -0.360163
-0.011277 -0.055901 0.330313
1.05253 0.001525 -0.001526
-0.590621 0.804813 0.058676
0.218166 0.229263 -0.9486
-0.776898 -0.547462 -0.31099
-0.985177 -0.299643 0.983323
1.05094 0.002061 -0.002064
-0.844303 0.535656 0.01502
0.210249 0.356917 -0.910168
-0.492898 -0.765299 -0.413967
-1.83039 -0.342351 1.12457
0 0 0
0 0 0
0 0 0
0 0 0
0 0 0
1.03478 0.003737 -0.003744
0.370603 0.928787 0.002937
0.309249 -0.120413 -0.943327
-0.875796 0.350508 -0.331852
1.7961 -0.377813 0.673216
0 0 0
0 0 0
0 0 0
0 0 0
0 0 0
1.04962 0.003546 -0.00355
-0.068644 0.99691 0.038186
0.563411 0.070326 -0.823178
-0.82332 -0.034992 -0.566497
0.390283 0.793121 0.657971
1.05979 0.001773 -0.001773
-0.169684 0.984489 0.044588
0.828208 0.166977 -0.534967
-0.534114 -0.053847 -0.843696
0.281947 1.8472 1.02508
1.05967 0.007459 -0.007493
-0.367564 0.921404 -0.126145
-0.056675 -0.15758 -0.985879
-0.92827 -0.355224 0.110141
-0.617509 -1.32793 0.495394
1.04357 0.012887 -0.012953
-0.230135 0.972043 -0.046586
-0.052536 -0.060211 -0.996802
-0.97174 -0.226952 0.064924
0.224562 -1.51031 0.331548
-2.79864 -0.700288 -0.563777
100 87 69
2 1 108 0.00358 0 134 0.00358
-2.66803 -0.326096 -0.59237
61 84 42
2 1 128 0.003265 0 146 0.003519
-2.50195 -0.802808 -0.883718
158 193 211
2 1 210 0.00358 0 221 0.00358
-2.60856 -0.582389 -0.930887
205 138 164
2 1 219 0.002841 0 228 0.002841
-2.42852 -0.90173 -0.940698
144 196 208
2 1 237 0.002841 0 250 0.002841
-2.13912 -0.982314 -1.39184
28 68 38
2 1 421 0.002999 0 518 0.002841
-2.11102 -1.11018 -1.55241
59 146 168
2 1 482 0.002976 0 591 0.002913
-2.07864 -0.975829 -1.56479
32 71 39
2 1 511 0.003315 0 605 0.003104
-2.13278 -0.461663 -1.52156
210 191 51
2 1 514 0.00358 0 560 0.003417
-1.93271 -0.834969 -1.56487
180 201 219
2 1 570 0.003359 0 638 0.003326
-1.99256 -0.410779 -1.52943
215 231 133
2 1 571 0.002841 0 602 0.002841
-1.92547 -0.80334 -1.56191
183 211 228
2 1 579 0.00334 0 639 0.002938
-1.71894 -0.812684 -1.64848
40 69 60
2 1 699 0.003109 0 751 0.00346
-2.77028 -0.662902 -0.510381
105 93 86
2 1 779 0.00451 0 1149 0.005382
-2.80918 -0.733938 -0.611195
215 243 202
2 1 792 0.00451 0 145 0.00358
-2.77455 0.166096 -0.89565
104 111 81
2 1 830 0.004287 0 912 0.004154
-2.37616 -1.017 -0.950289
147 183 198
2 1 839 0.00358 0 258 0.003088
-2.79606 0.209318 -1.00201
44 71 25
2 1 844 0.004315 0 926 0.00366
-2.14646 -0.73324 -1.21901
131 76 40
2 1 891 0.00451 0 998 0.003863
-2.2108 -0.375305 -1.43378
232 37 31
2 1 938 0.003674 0 1013 0.003642
-2.07399 -1.18118 -1.57359
162 77 99
2 1 953 0.004388 0 1238 0.004662
-2.12201 0.517163 -1.41467
89 116 38
2 1 962 0.003857 0 514 0.003162
-1.98329 -0.590059 -1.58895
43 28 9
2 1 972 0.004294 0 631 0.00358
-2.13785 0.559481 -1.49655
103 135 60
2 1 973 0.00358 0 538 0.003429
-1.79942 -0.145879 -1.60055
22 68 49
2 1 1015 0.004207 0 1065 0.003661
-1.7149 -0.203323 -1.6066
69 80 90
2 1 1025 0.003649 0 724 0.003205
-2.98004 -0.52266 -0.177844
187 193 189
2 1 1032 0.004994 0 836 0.00451
-2.75097 -1.27251 -0.277598
148 143 142
2 1 1035 0.00451 0 1284 0.005682
-2.0844 -0.928963 -0.809554
223 98 140
2 1 1078 0.004568 0 927 0.004304
-2.49866 -0.566691 -0.990213
72 74 69
2 1 1084 0.004767 0 933 0.00451
-1.93936 -0.509076 -1.58879
117 126 112
2 1 1144 0.005402 0 1245 0.004973
-2.87056 -0.350755 -0.152051
192 203 197
2 1 1167 0.006669 0 1129 0.005329
-2.5296 -0.752103 -0.885101
163 202 222
2 1 1224 0.00702 0 1326 0.006143
-2.35521 -1.05549 -0.943721
160 64 97
2 1 1236 0.005717 0 1188 0.004831
-2.37843 -0.995156 -0.938694
89 177 205
2 1 1237 0.005682 0 1187 0.005226
-2.28866 -0.967913 -0.992092
75 85 75
2 1 1246 0.006689 0 1345 0.006672
-1.98995 -0.489298 -1.52603
237 242 88
2 1 1295 0.007159 0 1398 0.005682
-2.00574 0.360545 -1.60006
157 157 157
2 1 1329 0.006975 0 1239 0.005229
-1.74346 -0.721307 -1.62557
16 49 38
2 1 1333 0.005735 0 1271 0.004686
-2.71098 -0.821266 -0.588374
167 165 152
2 1 1357 0.008453 0 1303 0.007041
-2.57608 -0.827028 -0.648028
93 188 216
2 1 1360 0.007159 0 1156 0.005447
-1.85377 -0.61652 -1.61168
29 30 29
2 1 1398 0.007371 0 1415 0.006666
-1.83688 -0.488104 -1.59703
180 133 52
2 1 1399 0.00895 0 1413 0.007083
-2.97939 -0.300305 -0.342636
199 213 213
2 1 1440 0.014319 0 1546 0.012888
-2.80535 -0.751034 -0.639272
235 241 248
2 1 1444 0.014319 0 1557 0.013139
-2.5995 -0.588294 -0.931963
216 140 171
2 1 1478 0.014319 0 1570 0.01327
-2.24682 -0.493745 -1.10607
185 36 27
2 1 1483 0.017329 0 1611 0.016071
-2.12125 -0.970943 -1.47276
96 170 105
2 1 1486 0.016229 0 1614 0.018041
-2.77135 -1.18018 -0.265994
172 175 169
2 2 23 0.003494 0 63 0.00358
-2.8722 0.107733 -0.44819
227 237 234
2 2 82 0.003071 1 89 0.003019
-2.88225 0.078693 -0.521445
171 184 177
2 2 99 0.00358 1 1049 0.005432
-2.42064 -1.01795 -0.820143
57 168 199
2 2 137 0.00358 1 818 0.004389
-2.35611 -1.05834 -0.945268
140 47 76
2 2 177 0.00358 1 1082 0.005025
-2.56427 -0.654396 -0.928261
73 197 220
3 2 183 0.003149 1 833 0.00393 0 232 0.003175
-2.13357 -0.748523 -1.25212
105 53 28
2 2 326 0.003258 1 899 0.00451
-2.2019 -0.544676 -1.22554
222 222 221
3 2 336 0.002841 1 375 0.003237 0 435 0.002841
-2.17488 -0.488812 -1.35403
24 18 20
2 2 392 0.003359 1 425 0.00358
-2.16987 -0.497274 -1.37084
184 149 148
2 2 402 0.003369 0 496 0.00358
-1.89098 -0.908216 -1.61133
34 39 38
2 2 467 0.00358 1 979 0.00451
-1.98966 -0.459848 -1.53039
32 44 1
2 2 488 0.003256 1 968 0.004182
-2.85664 -0.339422 -0.276134
168 172 165
2 2 732 0.00448 1 762 0.00451
-2.76134 -0.947352 -0.451847
194 197 189
2 2 740 0.004434 1 1045 0.005072
-2.63067 -0.621745 -0.796577
226 107 151
2 2 771 0.00451 1 812 0.00451
-2.3491 -1.091 -0.900036
145 166 184
3 2 775 0.003922 1 1077 0.005053 0 930 0.00451
-2.27451 -1.2222 -0.925838
54 159 188
3 2 776 0.004089 1 1081 0.005207 0 1189 0.005107
-2.57713 -0.658078 -0.899157
68 189 226
2 2 779 0.00451 1 1073 0.005473
-2.41194 -0.939984 -0.935285
168 58 92
2 2 780 0.004273 0 1185 0.005321
-2.9014 0.313039 -0.808086
188 199 191
2 2 785 0.003694 1 177 0.00358
-2.2546 -1.19383 -1.02429
204 94 120
2 2 786 0.003747 1 1088 0.005587
-2.23305 -0.495289 -1.18866
214 215 214
3 2 831 0.004357 1 1109 0.00513 0 985 0.00451
-2.23469 -0.433192 -1.26979
218 216 217
2 2 849 0.004265 1 1115 0.00451
-2.77384 -0.202573 -1.39394
49 72 36
2 2 852 0.004027 1 1108 0.005173
-1.69034 -1.04247 -1.63819
109 108 106
3 2 879 0.003847 1 1159 0.004661 0 1102 0.003939
-1.85918 -0.775836 -1.60628
79 97 91
2 2 880 0.004396 1 1148 0.005175
-1.80734 -0.606963 -1.62174
182 200 196
2 2 899 0.004449 1 1325 0.006382
-1.84601 -0.359568 -1.59203
107 118 116
2 2 908 0.003947 1 1155 0.004991
-2.98484 -0.188002 -0.141899
209 218 217
2 2 978 0.004687 1 1030 0.005004
-2.85068 -0.774366 -0.466267
201 213 203
2 2 988 0.004906 1 1046 0.005379
-2.51778 -0.939397 -0.655043
65 176 203
2 2 1004 0.004989 0 1159 0.005641
-2.65257 -0.884109 -0.669462
73 183 214
2 2 1007 0.004993 0 1158 0.005682
-2.41032 -1.02038 -0.852368
50 172 204
2 2 1019 0.005159 1 1222 0.006238
-2.32199 -1.13781 -0.907228
133 168 190
3 2 1022 0.004801 1 1232 0.006522 0 1334 0.006063
-2.33473 -1.07844 -0.962748
172 161 173
3 2 1027 0.00483 1 1241 0.006975 0 1343 0.006543
-2.21204 -0.596581 -1.1469
25 21 27
2 2 1048 0.004528 0 1209 0.005036
-1.84199 -0.541159 -1.60265
37 43 43
3 2 1079 0.004603 1 1318 0.005826 0 1252 0.005245
-1.82579 -0.450378 -1.59732
36 38 36
2 2 1082 0.005056 1 1323 0.006728
-2.98896 -0.152585 -0.133734
210 220 220
2 2 1108 0.005682 1 1029 0.005305
-2.64456 -1.19335 -0.467202
197 197 189
3 2 1125 0.006892 1 1354 0.008312 0 1462 0.008144
-2.6515 -0.883733 -0.673307
74 186 218
2 2 1140 0.006804 0 1310 0.007159
-2.81907 -0.763359 -0.686462
236 115 162
3 2 1142 0.005883 1 1206 0.006509 0 1308 0.006728
-2.37762 -1.0771 -0.855395
220 84 135
2 2 1147 0.006031 0 1328 0.007051
-2.34927 -1.09038 -0.908586
147 161 187
3 2 1153 0.006573 1 1231 0.007159 0 1333 0.006974
-2.3018 -1.16552 -0.931697
205 76 123
3 2 1155 0.005874 1 1371 0.007451 0 1478 0.007159
-2.1048 -0.599448 -1.48351
206 184 38
2 2 1219 0.005791 0 1392 0.006075
-2.25987 -0.442596 -1.16787
140 145 146
2 2 1310 0.007159 0 1485 0.00731
-2.13862 -0.927553 -1.39703
28 28 24
2 2 1317 0.00902 1 1461 0.011826
-2.11104 -0.935953 -1.51935
29 42 28
2 2 1321 0.007159 0 1491 0.00812
-1.87336 -0.268122 -1.58229
25 69 46
2 2 1332 0.008474 1 1437 0.009634
-2.08338 0.372371 -1.49685
100 124 47
2 2 1337 0.007345 1 1395 0.007218
-1.82156 0.036898 -1.61608
42 25 15
2 2 1343 0.00902 0 1418 0.007159
-2.557 -0.88212 -0.672704
216 111 143
2 2 1387 0.013079 1 1447 0.014319
-2.747 -0.506949 -0.391349
177 188 184
3 3 89 0.003239 2 741 0.003611 1 772 0.003956
-3.24673 0.423221 -0.473717
168 164 169
2 3 151 0.00358 2 89 0.002841
-2.96638 0.327459 -0.47716
221 232 234
2 3 155 0.00347 2 95 0.002841
-2.83278 0.124013 -0.577586
175 193 195
2 3 173 0.003273 2 119 0.003327
-3.07177 -4.51077 -3.1728
52 27 23
2 3 397 0.003198 2 435 0.003258
-3.0725 -4.42891 -3.19197
63 38 34
2 3 411 0.003044 2 864 0.003729
-2.16243 -0.517286 -1.37008
180 137 142
3 3 463 0.002841 2 398 0.002998 0 500 0.003254
-1.71032 0.092757 -1.67
137 129 126
2 3 816 0.003307 2 723 0.002841
-2.81936 -0.358523 -0.277624
208 221 216
3 3 841 0.00451 2 37 0.003274 1 40 0.003135
-2.2643 -0.519611 -1.07013
221 215 220
2 3 949 0.00358 2 263 0.00358
-1.77178 -0.802884 -1.64244
21 47 34
2 3 1040 0.003906 2 1075 0.004524
-2.52779 0.329901 -1.53345
124 134 131
2 3 1087 0.004063 2 527 0.003043
-1.74996 -0.016536 -1.6388
127 121 117
2 3 1113 0.004062 2 961 0.004266
-2.09622 0.524772 -1.39922
88 116 50
2 3 1115 0.00358 2 919 0.003679
-2.49057 -0.998286 -0.658464
211 93 125
3 3 1154 0.005168 2 1003 0.00526 1 1211 0.007159
-2.31737 -1.18931 -0.860771
202 81 117
3 3 1163 0.005073 2 1146 0.005976 1 1367 0.007309
-3.00055 0.317777 -0.580032
202 220 215
2 3 1166 0.005682 2 121 0.00358
-3.06869 0.408632 -0.597951
199 217 219
2 3 1172 0.004994 2 758 0.003758
-1.5479 -0.522087 -1.71563
126 117 115
2 3 1271 0.004866 2 1272 0.005704
-1.69437 -0.193842 -1.60987
37 41 45
2 3 1278 0.005259 2 1265 0.006229
-2.85006 -0.115058 -0.451177
54 68 66
2 3 1313 0.006589 2 993 0.00451
-2.46042 -1.05285 -0.665278
53 165 189
2 3 1316 0.006226 2 1137 0.007066
-3.10529 0.407275 -0.549449
184 194 195
2 3 1325 0.00577 2 114 0.003359
-2.99398 0.339095 -0.614724
195 211 210
2 3 1331 0.005682 2 764 0.004473
-1.78271 -0.006463 -1.62612
45 25 16
2 3 1460 0.007159 2 1344 0.00902
-2.79269 -0.321638 -0.451297
220 243 248
2 3 1477 0.008459 2 1128 0.007159
-3.14175 0.361837 -0.347882
158 156 159
3 3 1478 0.007314 2 989 0.004937 1 766 0.003706
-2.22694 -0.433192 -1.24524
211 213 208
2 3 1499 0.008316 2 1316 0.007853
-2.15337 -0.373819 -1.53316
219 192 53
2 3 1509 0.007159 2 1232 0.007159
-2.24283 -0.627557 -1.00576
82 45 29
2 3 1546 0.01028 2 1358 0.00939
-3.05023 0.354446 -0.525744
109 83 72
2 3 1579 0.014319 2 1289 0.008883
-2.99798 0.467562 -0.816118
109 108 106
2 3 1588 0.013654 2 1353 0.009856
-2.759 0.565581 -1.42419
75 71 66
2 3 1610 0.014009 2 1368 0.010395
-2.7393 -1.13803 -0.505893
184 184 176
2 3 92 0.00358 2 60 0.002845
-2.94203 0.262329 -0.526286
227 234 240
2 3 892 0.004124 2 109 0.00358
-2.8064 0.339216 -1.2624
196 203 199
2 3 1224 0.004682 2 853 0.004036
-2.9671 0.272539 -0.606784
201 211 203
2 3 901 0.004495 2 126 0.00358
-2.891 0.510987 -1.08875
204 214 213
2 3 1015 0.00451 2 829 0.00358
-2.85362 -0.119818 -0.33865
90 98 81
2 5 47 0.00356 0 855 0.003745
-2.91933 -0.587919 -0.330004
160 164 157
2 5 50 0.003484 0 849 0.004352
-2.87927 0.052772 -0.428217
148 159 142
2 5 72 0.00358 0 92 0.00358
-2.75759 -0.375285 -0.499121
31 37 50
2 5 97 0.003405 0 112 0.003199
-2.80745 0.129217 -0.64519
200 216 204
2 5 134 0.002841 0 156 0.002841
-2.24709 -0.427869 -1.22355
215 222 220
2 5 522 0.003305 0 414 0.00358
-2.1379 -0.863048 -1.54238
29 42 23
2 5 699 0.00358 0 577 0.00358
-2.08195 -1.14957 -1.57879
200 84 118
2 5 746 0.00358 0 613 0.00358
-1.62241 -0.573055 -1.66858
143 177 166
2 5 870 0.00358 0 794 0.00358
-1.62522 -0.591429 -1.66887
149 174 160
2 5 871 0.00358 0 793 0.00358
-2.72987 -0.343879 -0.515892
79 120 65
2 5 940 0.00451 0 119 0.00351
-2.74338 -0.725436 -0.68784
167 181 202
2 5 961 0.00451 0 168 0.003517
-2.5832 -0.677101 -0.82862
70 184 222
3 5 977 0.00409 1 1221 0.005836 0 1175 0.004769
-2.30352 -1.24146 -0.833893
71 163 189
2 5 1004 0.004205 0 920 0.004216
-2.17718 -0.598907 -1.25618
213 214 212
3 5 1083 0.00358 2 840 0.00358 0 1001 0.004164
-2.09505 0.42592 -1.42549
117 135 49
2 5 1086 0.004008 0 1225 0.004618
-2.12281 -0.630879 -1.38796
40 21 0
3 5 1094 0.004181 2 858 0.00358 0 1386 0.005682
-2.11678 -0.886426 -1.60345
120 116 113
2 5 1123 0.00358 0 608 0.003204
-1.88655 -0.880403 -1.61512
109 132 119
4 5 1159 0.00451 2 476 0.00358 1 1143 0.004885 0 1254 0.004665
-1.68482 -0.421683 -1.71316
26 24 15
2 5 1176 0.00358 0 786 0.002841
-4.01089 -2.00599 -3.03346
12 8 7
2 5 1188 0.004038 0 740 0.003381
-1.6587 -0.864757 -1.67064
4 17 8
2 5 1190 0.003589 0 784 0.003175
-2.76704 -0.3583 -0.47593
31 44 51
2 5 1208 0.005576 0 1147 0.005153
-2.61405 -0.622639 -0.830825
226 110 145
4 5 1247 0.00451 2 1152 0.005969 1 1220 0.006645 0 1174 0.005682
-2.52217 -0.792704 -0.834414
77 182 226
2 5 1250 0.00451 0 1176 0.005293
-2.2957 -0.969311 -1.00124
67 79 66
2 5 1268 0.004653 0 1191 0.005325
-2.27692 -0.480583 -1.0799
127 1 0
2 5 1272 0.005161 0 1199 0.005682
-2.24805 -1.22212 -1.00822
206 80 126
2 5 1275 0.005101 0 1194 0.005399
-2.10774 -0.751499 -1.3419
135 67 31
3 5 1294 0.005682 1 1122 0.005544 0 1222 0.005412
-2.13462 -0.856108 -1.54383
28 28 18
3 5 1298 0.005011 1 948 0.00451 0 1235 0.005682
-1.96888 -0.189144 -1.60877
165 155 120
2 5 1299 0.00451 0 633 0.00358
-2.08461 -1.18973 -1.5391
176 81 108
3 5 1304 0.004649 1 944 0.004156 0 1032 0.004473
-2.93585 -0.583712 -0.250402
182 186 179
2 5 1327 0.007159 0 1282 0.007159
-2.73778 -0.380394 -0.684429
27 30 20
3 5 1356 0.007159 1 800 0.00451 0 1157 0.005492
-2.32057 -1.18825 -0.861906
217 95 134
2 5 1388 0.006296 0 1329 0.006821
-2.34146 -1.12176 -0.883556
46 129 161
3 5 1391 0.005911 1 1226 0.006735 0 1331 0.006112
-2.18466 -1.27236 -1.70205
33 24 19
2 5 1484 0.006085 0 642 0.003378
-2.18432 -0.77159 -1.12066
152 80 38
2 5 1552 0.008183 0 1528 0.009524
-2.20165 -1.01695 -1.18333
43 44 36
2 5 1555 0.008126 0 1487 0.008804
-2.10434 -0.727087 -1.43584
129 69 28
2 5 1560 0.007653 0 1536 0.009027
-2.78055 -0.801524 -0.462465
185 191 181
2 5 1571 0.011365 0 1553 0.011734
-2.39184 0.045895 -1.43585
105 165 79
2 5 1587 0.010937 0 1533 0.011271
-1.88392 -0.750212 -1.59936
16 16 17
2 5 1592 0.009738 0 1539 0.00996
-2.68978 -1.12076 -0.417528
175 173 168
3 5 1598 0.01414 1 1441 0.01344 0 1549 0.012419
-2.26875 -0.631355 -1.01865
170 104 64
2 5 1617 0.011965 0 1524 0.009618
-2.39325 0.040461 -1.43572
110 166 83
2 5 1623 0.012278 0 1585 0.011898
-2.02096 -0.621123 -1.54353
242 247 185
3 5 1641 0.018041 1 1489 0.018041 0 1633 0.018107
-9.97085 -1.94638 -2.01831
27 18 16
2 7 9 0.003252 5 968 0.00358
-9.61675 -2.06376 -2.11046
43 29 26
2 7 35 0.00358 5 224 0.003022
-2.98119 -0.189549 -0.17541
192 201 199
2 7 102 0.00358 1 1033 0.005275
-2.91272 -0.833827 -0.195706
185 187 182
2 7 106 0.00358 0 35 0.003564
-2.85142 -1.08737 -0.196022
164 160 157
2 7 109 0.003156 2 18 0.002841
-2.96055 -0.525623 -0.230102
198 205 197
3 7 116 0.00358 1 26 0.00358 0 51 0.00358
-2.9706 -0.447206 -0.23037
183 193 185
2 7 118 0.002948 5 18 0.002841
-2.94736 -0.551039 -0.232938
194 199 189
3 7 120 0.002937 1 27 0.002985 0 52 0.003025
-2.90499 -0.178282 -0.287565
136 142 132
2 7 162 0.002841 5 31 0.003319
-2.97425 -0.256974 -0.331678
139 146 136
3 7 164 0.003175 5 43 0.003247 0 72 0.00358
-3.2579 0.399881 -0.422065
115 117 116
2 7 166 0.003152 1 1043 0.004731
-7.37626 -3.26471 -2.53616
35 21 20
2 7 172 0.00358 0 304 0.003426
-2.815 -0.864911 -0.386254
131 129 120
4 7 193 0.00358 5 926 0.004302 1 56 0.00358 0 83 0.00358
-2.86959 -0.662771 -0.416714
156 161 155
2 7 200 0.002952 0 89 0.002858
-6.76853 -4.25896 -2.59179
24 18 18
2 7 211 0.003339 1 218 0.00347
-2.66527 -0.341302 -0.600368
33 53 16
4 7 329 0.003028 5 132 0.003152 1 132 0.003304 0 150 0.002974
-2.51252 -1.42582 -0.640484
124 106 106
2 7 344 0.002841 5 965 0.0038
-2.81654 0.088813 -0.769035
94 109 70
2 7 360 0.00358 1 169 0.003549
-6.16044 2.31282 -2.68638
76 70 76
2 7 361 0.003565 0 386 0.003339
-5.94595 2.33963 -2.69722
84 76 82
2 7 381 0.003487 0 411 0.002841
-2.57242 -0.692931 -0.827269
89 180 205
2 7 402 0.002988 1 187 0.003179
-2.86341 0.349924 -0.938924
204 206 195
2 7 405 0.002934 0 208 0.003266
-2.88125 0.353518 -0.993773
213 216 207
2 7 417 0.00358 0 218 0.00358
-2.88989 0.412227 -0.992705
222 227 220
2 7 418 0.003328 1 840 0.003741
-4.69107 1.44251 -2.8866
95 80 83
2 7 535 0.003279 1 960 0.00359
-2.28588 -0.457918 -1.06756
250 41 35
2 7 544 0.003408 2 265 0.00358
-2.18394 -0.798216 -1.02287
112 63 39
3 7 551 0.00358 1 855 0.004192 0 1197 0.004719
-2.29151 -1.42759 -1.2255
34 26 23
2 7 566 0.00358 1 317 0.00358
-2.26664 -0.475419 -1.11042
92 3 2
3 7 567 0.00358 5 449 0.002885 0 347 0.00344
-2.18575 -1.07735 -1.14231
50 68 54
2 7 586 0.003282 1 319 0.003511
-4.40371 1.2956 -2.92286
126 117 120
2 7 590 0.00358 1 603 0.00358
-2.7114 0.476385 -1.48011
31 35 34
2 7 597 0.002841 1 916 0.00358
-2.18031 -0.642572 -1.20308
208 208 209
2 7 635 0.002841 1 358 0.002999
-2.15379 -0.747586 -1.19218
116 63 39
3 7 640 0.003393 1 880 0.004152 0 992 0.00358
-4.23947 1.29682 -2.96753
132 125 132
2 7 641 0.003214 1 651 0.003282
-4.21437 1.41039 -2.95904
122 111 117
2 7 652 0.003047 1 657 0.003014
-2.19237 -0.575878 -1.22833
208 210 207
2 7 655 0.002932 1 374 0.003552
-2.41182 -0.046554 -1.55193
141 148 141
2 7 713 0.00358 1 477 0.003446
-2.40372 -0.103933 -1.55236
124 132 121
2 7 718 0.003405 1 473 0.003534
-2.14262 -0.596743 -1.36077
21 15 14
2 7 731 0.00358 0 503 0.00358
-3.81164 1.16761 -3.0187
88 76 78
2 7 756 0.003326 1 744 0.003558
-3.88418 1.86459 -3.03306
89 78 82
2 7 761 0.003116 0 711 0.003042
-2.37126 0.005461 -1.68592
128 134 127
2 7 783 0.00358 1 559 0.003416
-2.24853 0.02367 -1.57278
130 135 128
2 7 792 0.00358 1 961 0.00371
-2.09345 -1.14314 -1.55358
170 66 103
2 7 798 0.002841 1 489 0.002841
-2.08301 -1.16856 -1.55725
144 24 57
4 7 800 0.002983 5 1131 0.003868 1 490 0.003267 0 1033 0.00358
-2.09575 -1.12223 -1.57873
118 153 165
3 7 805 0.00358 5 1134 0.00451 0 1037 0.00451
-2.20552 0.11389 -1.57202
123 135 131
2 7 809 0.003502 1 967 0.003724
-2.1097 0.48891 -1.42432
111 127 51
2 7 818 0.003149 1 1134 0.005177
-2.1861 0.025227 -1.58005
146 151 145
2 7 823 0.003165 1 565 0.003094
-2.19233 0.100245 -1.57995
145 154 151
2 7 824 0.003144 1 577 0.003335
-2.09789 0.299765 -1.48624
116 154 61
2 7 833 0.00358 0 1021 0.00451
-3.57327 1.64355 -3.08037
130 121 126
2 7 839 0.003115 0 781 0.003038
-2.02917 -0.192298 -1.52755
42 51 3
2 7 850 0.002841 1 971 0.003646
-9.87796 -2.04275 -1.9993
24 17 13
2 7 938 0.00451 5 1232 0.005053
-6.23029 1.90028 -0.871174
116 112 124
2 7 949 0.00451 0 1148 0.005682
-2.91214 -0.873633 -0.17403
169 168 164
2 7 968 0.004332 0 835 0.003846
-8.09239 -4.09184 -2.40434
25 21 22
2 7 969 0.00451 0 244 0.00358
-2.92861 -0.581272 -0.272076
182 186 179
2 7 975 0.004092 0 61 0.003415
-2.86965 -0.712435 -0.316595
130 131 125
3 7 981 0.00451 1 763 0.004209 0 847 0.004275
-2.73178 -1.33336 -0.319518
139 127 131
2 7 983 0.00451 0 73 0.00358
-2.95588 -0.214688 -0.342978
132 134 123
2 7 984 0.004384 1 1041 0.005682
-7.17556 -3.47952 -2.59271
42 31 29
2 7 991 0.003791 0 951 0.003735
-2.72902 -1.0594 -0.408922
189 190 184
3 7 999 0.004199 1 771 0.00451 0 862 0.004022
-6.83257 -3.18085 -2.65298
45 34 32
2 7 1005 0.00358 0 353 0.003054
-2.62581 -1.33948 -0.455692
51 32 28
4 7 1012 0.003731 5 1211 0.005593 1 77 0.00358 0 870 0.004297
-2.70961 -0.858527 -0.516846
233 234 230
2 7 1022 0.004097 0 122 0.00358
-2.75371 -0.353443 -0.501385
188 212 209
3 7 1023 0.004017 5 939 0.004179 0 873 0.003883
-2.86816 0.06678 -0.64211
113 128 105
2 7 1028 0.00451 0 1154 0.005406
-2.64993 -0.312612 -0.571768
43 69 24
4 7 1030 0.003858 5 948 0.00446 1 796 0.004277 0 883 0.00451
-2.80331 0.085086 -0.753399
98 113 74
2 7 1045 0.00358 1 165 0.002966
-5.85494 2.24821 -2.7205
81 75 79
2 7 1058 0.00451 0 994 0.003836
-2.35128 -1.12736 -0.849996
51 165 195
5 7 1081 0.004075 3 895 0.003734 2 148 0.003513 1 825 0.004156 0 921 0.00451
-2.29538 -1.20114 -0.907493
148 153 177
2 7 1090 0.004235 5 1018 0.00451
-2.78183 0.508556 -1.36999
183 182 177
3 7 1104 0.004318 2 865 0.00451 1 893 0.004126
-2.28996 -0.434515 -1.08008
87 1 0
4 7 1110 0.004024 2 808 0.004056 1 860 0.00451 0 955 0.004075
-2.27765 -0.453333 -1.09158
242 41 32
3 7 1117 0.00451 5 430 0.003213 0 957 0.003953
-2.27467 -0.448495 -1.11873
233 49 36
3 7 1123 0.004232 2 816 0.003726 0 963 0.003931
-4.5888 2.04224 -2.93406
109 107 114
2 7 1125 0.003958 0 582 0.00354
-2.21543 -0.573636 -1.15948
195 199 189
3 7 1136 0.003961 1 1106 0.00451 0 981 0.004139
-2.71819 0.523111 -1.57449
113 101 92
2 7 1145 0.00451 2 900 0.003829
-2.2206 -0.864894 -1.30128
21 20 16
3 7 1150 0.003748 5 1088 0.003786 0 463 0.003533
-2.4071 -0.101501 -1.44008
124 130 122
2 7 1156 0.003685 1 430 0.003316
-2.12801 -0.714275 -1.29041
111 66 26
2 7 1160 0.003629 2 351 0.003172
-2.16742 -0.908986 -1.40465
28 26 25
2 7 1168 0.00358 0 519 0.00358
-2.13251 -0.998241 -1.39821
102 157 111
2 7 1171 0.004347 5 1101 0.004307
-2.16995 -0.812274 -1.5063
9 9 7
2 7 1179 0.00451 0 1231 0.005682
-3.77015 1.74225 -3.06109
130 117 123
2 7 1187 0.004288 0 1089 0.004017
-2.2204 -0.047769 -1.57556
132 135 132
2 7 1192 0.003703 1 963 0.00385
-2.16862 0.161361 -1.55681
128 141 136
2 7 1198 0.004322 1 1138 0.005073
-2.02582 -0.190405 -1.54647
235 255 116
2 7 1209 0.00358 1 1139 0.004965
-1.98807 -0.202658 -1.60858
39 32 11
2 7 1220 0.004293 1 638 0.00358
-1.88594 -0.559528 -1.60664
109 127 124
2 7 1234 0.004334 1 990 0.003805
-8.03076 -3.39648 -2.15462
6 6 6
2 7 1243 0.005291 0 1325 0.007159
-3.03936 0.091156 -0.249814
222 232 232
3 7 1249 0.004945 2 733 0.00451 1 1036 0.005261
-7.02338 -3.42934 -2.60157
30 20 18
2 7 1263 0.005485 0 1198 0.004608
-2.80088 -0.732665 -0.609354
222 241 202
2 7 1275 0.00451 5 952 0.003702
-2.63846 -0.680805 -0.658343
150 197 202
2 7 1290 0.005095 1 1055 0.005179
-2.52237 -0.909276 -0.666858
133 189 198
2 7 1294 0.004722 0 895 0.004079
-2.46554 -1.0211 -0.677288
143 183 186
4 7 1297 0.004954 2 751 0.003974 1 1061 0.005093 0 898 0.00451
-2.27057 -1.21993 -0.925364
52 161 187
2 7 1312 0.005382 1 1235 0.005682
-2.25529 -0.523234 -1.09507
38 16 13
5 7 1322 0.004751 3 955 0.0045 2 807 0.00451 1 1097 0.005682 0 1202 0.004949
-2.1651 -0.77969 -1.16397
96 51 28
2 7 1330 0.004903 1 1265 0.005682
-2.1685 -0.64986 -1.21817
34 25 27
2 7 1335 0.004926 1 1272 0.006422
-2.41623 -0.054016 -1.54956
139 146 139
2 7 1340 0.005419 1 1128 0.004877
-2.13316 -0.182453 -1.50659
100 141 75
2 7 1350 0.005682 1 1130 0.005682
-2.07575 -0.018825 -1.47811
145 144 144
2 7 1351 0.004567 1 1133 0.004819
-1.92646 -0.329505 -1.59942
22 61 44
2 7 1361 0.004904 1 1150 0.004642
-8.11571 -3.43956 -2.28104
31 24 21
2 7 1381 0.006094 0 1327 0.007159
-2.85463 -0.85065 -0.281124
170 171 165
3 7 1392 0.007159 5 1506 0.008336 0 1451 0.007879
-3.02539 0.122101 -0.319616
221 225 225
2 7 1398 0.007159 2 1281 0.008672
-2.86954 -0.734069 -0.331942
186 187 181
3 7 1399 0.005682 1 1040 0.004773 0 851 0.004131
-2.66891 -1.27169 -0.380954
180 176 172
3 7 1409 0.006983 1 1184 0.007159 0 1293 0.007159
-2.97707 0.225713 -0.464348
227 236 233
2 7 1414 0.0071 1 1193 0.006807
-7.17698 2.64472 -2.48793
33 31 36
2 7 1417 0.006169 0 1190 0.00451
-2.84999 0.138303 -0.540342
230 242 240
2 7 1424 0.007159 2 1143 0.007159
-5.98726 2.33895 -2.68921
77 72 78
2 7 1453 0.006052 0 987 0.00451
-2.30509 -1.16276 -0.948081
207 80 127
2 7 1480 0.006882 5 1406 0.006041
-2.28812 -0.965677 -0.997167
67 83 70
2 7 1485 0.005682 2 1037 0.004812
-2.70231 0.514072 -1.58152
103 98 86
2 7 1501 0.006494 1 1288 0.007159
-2.14008 -0.517718 -1.48954
217 191 52
2 7 1517 0.00598 1 1387 0.007498
-2.01726 -0.683451 -1.59285
32 28 17
2 7 1527 0.006548 1 1135 0.005473
-1.96604 -0.168584 -1.58246
26 37 13
4 7 1535 0.006728 5 1457 0.007088 1 1313 0.006719 0 1401 0.006283
-1.92174 -0.612792 -1.59853
40 47 50
2 7 1536 0.006824 1 1304 0.006983
-1.90958 -0.53649 -1.59276
43 53 52
3 7 1539 0.006135 1 1306 0.006186 0 1246 0.004838
-1.89317 -0.696794 -1.59462
122 136 132
2 7 1542 0.006342 1 1303 0.006496
-1.92025 -0.447237 -1.60569
43 55 53
2 7 1543 0.007159 1 1312 0.006145
-2.79382 -0.900451 -0.394483
196 201 195
2 7 1552 0.00902 2 1123 0.007159
-2.75026 -0.946935 -0.458098
194 197 190
3 7 1556 0.008223 5 1517 0.00902 0 1459 0.007352
-2.74665 -0.856076 -0.496496
62 50 41
3 7 1557 0.00902 1 1355 0.008594 0 1297 0.007159
-2.75661 -0.168306 -1.01852
203 233 99
3 7 1571 0.007159 3 1491 0.007878 2 1177 0.007159
-2.27907 -0.516822 -1.05818
218 220 217
5 7 1579 0.00902 5 1409 0.007159 2 1184 0.007159 1 1377 0.00902 0 1353 0.007159
-2.22355 -0.648104 -1.05615
216 219 212
2 7 1580 0.008643 1 1419 0.009922
-2.23798 -0.435566 -1.25415
215 217 213
2 7 1590 0.007159 5 1554 0.008257
-2.11649 -0.934451 -1.5235
28 42 27
2 7 1595 0.007273 5 1561 0.008005
-2.12462 -0.8886 -1.5564
77 155 107
5 7 1596 0.007468 5 1460 0.007159 2 1217 0.007159 1 1388 0.00902 0 1493 0.008466
-2.03105 -0.732056 -1.60211
111 112 106
2 7 1602 0.007828 1 1296 0.00681
-2.71686 -1.3275 -0.339353
158 153 149
3 7 1608 0.010544 1 1347 0.00902 0 1453 0.008059
-2.86162 -0.745097 -0.368689
182 184 173
2 7 1609 0.009779 1 1404 0.009963
-2.63123 -1.35037 -0.447581
53 32 29
2 7 1612 0.010561 5 1600 0.014319
-2.63086 -0.127649 -0.728816
229 33 40
2 7 1616 0.00902 0 1465 0.007159
-2.07844 -0.737519 -1.43034
86 47 24
2 7 1631 0.009608 1 1431 0.010138
-2.87721 -0.689992 -0.354941
147 142 137
4 7 1640 0.012542 5 1596 0.012216 1 1439 0.013176 0 1547 0.012195
-2.61296 -1.35318 -0.444133
57 36 33
2 7 1644 0.014319 0 1552 0.014319
-2.60359 -0.763501 -0.66513
222 110 143
3 7 1648 0.013711 3 1577 0.013832 2 1388 0.012207
-2.45893 -1.15838 -0.627724
221 227 230
3 7 1651 0.014319 1 1445 0.012898 0 1558 0.014319
-2.24825 -1.14231 -1.0228
18 25 18
2 7 1663 0.014319 0 1576 0.014319
-2.23352 -0.96463 -1.19383
92 176 120
2 7 1666 0.014319 0 1581 0.014319
-2.79212 -0.714363 -0.547365
112 97 84
5 7 1676 0.018041 5 1643 0.020349 2 1384 0.013088 1 1492 0.019032 0 1620 0.019831
-2.51112 -1.24725 -0.630778
65 46 38
4 7 1677 0.015323 5 1646 0.019833 1 1476 0.014319 0 1607 0.015898
-2.26856 -0.883817 -1.08254
19 19 17
2 7 1683 0.018041 1 1481 0.018041
-2.11614 -0.970068 -1.46873
90 168 104
2 7 1688 0.015786 5 1640 0.017827
-5.67852 1.68081 -2.80353
89 84 91
2 8 179 0.003568 7 419 0.003024
-2.88427 -0.12782 -0.23417
186 202 202
2 8 195 0.003154 7 141 0.003036
-2.7031 -1.37626 -0.378641
71 56 53
2 8 214 0.003282 7 196 0.002864
-2.87346 -0.079593 -0.34579
87 94 78
2 8 247 0.002959 7 187 0.00358
-5.11571 1.65262 -2.92266
71 68 74
2 8 290 0.00324 7 500 0.002935
-4.73567 1.46243 -3.00003
85 67 69
2 8 345 0.003313 7 545 0.00294
-2.49523 -1.38563 -0.650889
171 162 160
2 8 351 0.00358 7 352 0.00358
-3.70494 -3.07304 -3.20308
23 17 17
2 8 398 0.003459 7 707 0.003559
-4.11379 1.32876 -3.03087
124 119 123
3 8 455 0.003435 7 687 0.003491 1 693 0.003331
-4.1825 1.72727 -3.04471
87 74 82
2 8 457 0.003375 7 683 0.003133
-2.77558 0.387015 -1.32449
190 196 193
3 8 517 0.003112 7 526 0.00292 1 879 0.00358
-3.19439 -2.51932 -3.23062
12 8 5
2 8 519 0.003411 7 855 0.003263
-3.88509 1.46652 -3.10376
91 84 88
2 8 525 0.003341 7 766 0.003315
-2.2407 -1.24843 -0.973905
124 167 178
3 8 528 0.00358 7 511 0.00358 1 252 0.00358
-2.23565 -1.19919 -1.08044
192 61 108
4 8 560 0.003102 7 540 0.003202 5 506 0.00307 0 344 0.003275
-2.97084 -2.28818 -3.23547
18 17 15
2 8 576 0.003364 7 1233 0.003926
-2.19682 -1.07815 -1.11786
28 52 32
5 8 592 0.003553 7 1126 0.003834 5 1063 0.003702 1 861 0.00399 0 973 0.003751
-2.18309 -1.06699 -1.16398
25 42 27
3 8 606 0.003046 7 1132 0.00358 1 868 0.003756
-3.57303 1.52622 -3.12192
147 136 140
2 8 608 0.00358 7 842 0.003103
-2.24768 -0.152043 -0.939983
102 173 81
2 8 617 0.003186 7 527 0.003452
-3.5141 1.57965 -3.12589
149 140 143
2 8 626 0.003444 7 863 0.003298
-3.52423 1.70071 -3.10213
80 65 72
2 8 629 0.003316 7 854 0.003052
-2.21552 -0.493996 -1.22269
210 217 209
3 8 657 0.002895 7 1147 0.00358 0 993 0.00358
-3.38763 1.63072 -3.11998
96 81 84
2 8 669 0.003399 7 893 0.003167
-2.35598 0.091511 -1.44443
56 55 8
2 8 696 0.00358 7 698 0.00358
-3.2568 1.37484 -3.15437
100 86 86
2 8 701 0.00358 7 922 0.0032
-2.14264 -0.911062 -1.47889
27 61 37
4 8 709 0.002934 7 1178 0.003924 1 940 0.00358 0 1022 0.004257
-2.04414 -0.649272 -1.54973
214 231 95
2 8 800 0.00358 7 835 0.00358
-2.96163 -0.197888 -0.223014
204 215 211
2 8 997 0.00358 7 972 0.003783
-5.25438 1.64907 -2.88652
69 64 71
2 8 1024 0.00358 7 477 0.003295
-2.82274 -0.175612 -0.451562
125 196 113
2 8 1029 0.004248 7 237 0.003483
-2.76111 -0.327423 -0.473696
223 247 253
2 8 1035 0.003796 7 1015 0.003789
-2.76065 -0.370888 -0.499458
33 42 50
2 8 1037 0.00358 7 271 0.003209
-2.86476 0.058338 -0.595078
209 231 222
2 8 1041 0.00423 7 1027 0.00451
-4.74218 1.6985 -2.96826
114 112 120
2 8 1054 0.00451 7 543 0.00358
-2.77944 0.201375 -0.651789
227 238 240
2 8 1062 0.004057 7 1036 0.003915
-4.40577 1.69561 -3.01501
79 69 68
2 8 1070 0.004362 7 1141 0.004132
-4.31051 1.5306 -3.04228
84 70 71
2 8 1074 0.003888 7 657 0.003551
-3.95948 1.44102 -3.09917
129 127 134
2 8 1097 0.004411 7 1175 0.003966
-3.93653 1.66455 -3.07737
126 112 121
2 8 1103 0.004368 7 1177 0.004378
-2.78319 0.568267 -1.4159
60 54 56
2 8 1111 0.003688 7 1112 0.004227
-2.75709 0.552171 -1.4392
65 59 61
2 8 1114 0.004131 7 1122 0.00451
-3.75305 1.55177 -3.0987
139 129 136
2 8 1117 0.004397 7 1191 0.00451
-3.49482 1.65055 -3.09136
141 126 133
3 8 1141 0.003627 7 865 0.00358 0 1120 0.003669
-3.4656 1.69021 -3.08639
128 118 123
3 8 1147 0.00358 7 1210 0.003771 0 1122 0.003817
-2.3735 0.128497 -1.37667
72 66 40
2 8 1153 0.00358 7 677 0.003057
-2.52348 -1.36701 -0.562776
146 137 138
3 8 1287 0.005682 7 1282 0.005 0 1153 0.005038
-4.81654 1.64125 -2.97947
112 108 115
2 8 1289 0.004528 7 1102 0.00377
-2.79781 0.209055 -0.631193
231 243 243
2 8 1292 0.005027 7 1033 0.004353
-4.60466 1.63059 -3.01103
114 103 109
2 8 1298 0.00451 7 1127 0.004198
-2.86909 0.355521 -0.993392
215 220 214
3 8 1304 0.004597 7 1305 0.004763 1 1239 0.005919
-3.86475 1.54198 -3.08863
87 78 83
2 8 1319 0.004833 7 1347 0.004683
-2.17835 -1.13995 -1.28604
97 159 162
2 8 1328 0.004993 7 1334 0.00524
-2.96438 -1.16898 -0.150749
113 108 112
2 8 1361 0.007159 7 957 0.00408
-2.8699 -1.20772 -0.201538
132 127 128
2 8 1366 0.006762 7 1246 0.004664
-2.91804 -0.601904 -0.289807
167 170 161
4 8 1378 0.006575 7 1393 0.006399 1 1179 0.006645 0 1285 0.005805
-2.76414 -0.355024 -0.472343
49 59 68
2 8 1413 0.006605 7 1418 0.006066
-2.75466 -0.411034 -0.57696
39 53 28
2 8 1416 0.006145 7 1427 0.005682
-2.84504 0.10078 -0.60938
211 230 228
3 8 1419 0.007159 7 1559 0.008452 1 1358 0.008992
-2.67855 -0.658573 -0.65596
222 106 147
2 8 1422 0.007159 7 1433 0.00575
-4.50916 1.6198 -3.03873
116 107 110
2 8 1430 0.005682 7 1328 0.005682
-2.59995 -0.600959 -0.92458
229 104 150
2 8 1434 0.006504 7 1460 0.006197
-2.27415 -1.27451 -0.865497
183 135 148
3 8 1458 0.007159 7 1472 0.007159 2 1017 0.005279
-2.4805 -0.542388 -1.01089
196 175 128
2 8 1460 0.007159 7 1574 0.007968
-2.27777 -1.18448 -0.972679
154 152 168
4 8 1466 0.007159 7 1577 0.00861 1 1375 0.008711 0 1480 0.008608
-2.368 -0.468772 -0.987249
225 229 217
2 8 1472 0.007159 7 1482 0.007159
-2.29048 -0.953549 -1.03471
114 131 123
2 8 1474 0.006322 7 1578 0.007379
-2.18133 -0.931416 -1.33743
92 163 100
3 8 1489 0.007159 7 1592 0.00902 1 1427 0.010954
-3.32849 1.42281 -3.14715
137 124 127
2 8 1495 0.006324 7 1540 0.006381
-2.82149 -1.03659 -0.265945
191 192 186
3 8 1562 0.007509 7 1391 0.006706 1 1176 0.006923
-2.65282 -0.713914 -0.657213
73 185 217
2 8 1573 0.008162 7 1435 0.007159
-2.87544 0.290205 -1.1045
68 56 50
3 8 1587 0.007577 7 1572 0.008954 1 1413 0.010547
-4.07765 1.54841 -3.07399
99 87 89
2 8 1593 0.00739 7 1512 0.006886
-2.21042 -0.690221 -1.05992
204 204 204
4 8 1598 0.007395 7 1581 0.008878 2 1304 0.00902 1 1418 0.010234
-1.92928 -0.820972 -1.56593
197 214 234
2 8 1608 0.00821 7 1530 0.007159
-2.76011 -1.36262 -0.308138
29 21 18
2 8 1610 0.011365 7 1547 0.00902
-2.82362 0.090607 -0.70507
168 194 187
2 8 1615 0.011365 7 1614 0.010798
-2.01375 -0.508368 -1.54733
237 244 81
2 8 1630 0.010986 7 1672 0.011721
-2.22966 -0.970653 -1.14573
92 179 117
2 8 1676 0.01622 7 1701 0.019772
-2.70958 -0.44202 -0.917921
110 179 91
3 8 1684 0.018041 7 1678 0.017484 1 1496 0.018713
-2.51035 -0.519067 -0.973682
34 35 31
2 8 1687 0.019219 7 1680 0.017336
-2.25399 -0.803141 -0.980902
182 162 127
2 8 1688 0.019322 7 1682 0.016397
-2.79766 -0.403866 -0.27283
220 234 233
2 9 56 0.00358 2 34 0.00358
-2.87611 0.015096 -0.401139
139 147 126
4 9 72 0.003231 5 69 0.003258 1 72 0.002991 0 86 0.002929
-3.27217 0.593906 -0.485729
82 45 32
2 9 92 0.002953 2 100 0.003121
-2.96151 0.295013 -0.665373
200 207 199
2 9 142 0.003399 2 144 0.00358
-2.55378 -1.15357 -0.554273
217 223 229
2 9 170 0.003343 1 111 0.003318
-2.89571 0.382727 -0.875588
202 205 196
3 9 188 0.00358 2 797 0.003731 1 824 0.003666
-2.75684 0.143274 -0.861815
170 181 159
4 9 191 0.00358 7 397 0.00358 1 208 0.00358 0 198 0.003412
-2.24862 -0.60195 -1.03114
182 156 137
2 9 250 0.002841 1 296 0.002841
-2.24184 -1.07844 -0.999106
60 74 65
2 9 263 0.00358 0 311 0.003062
-2.28184 -0.43114 -1.10543
124 5 3
4 9 264 0.00358 7 565 0.003079 3 360 0.00321 2 291 0.003167
-2.29116 -0.946271 -1.03217
90 106 101
3 9 269 0.002841 7 522 0.002841 1 281 0.002841
-2.23885 -1.03837 -1.04539
84 105 94
2 9 275 0.003196 0 326 0.002841
-2.7948 0.357644 -1.2747
199 202 194
2 9 287 0.003192 1 329 0.00323
-2.16288 -0.768135 -1.13616
124 66 34
2 9 288 0.003481 7 605 0.003002
-2.19199 -0.648024 -1.15707
211 207 208
4 9 290 0.00334 7 611 0.002841 1 344 0.003187 0 396 0.002861
-2.19719 -0.587296 -1.19915
213 212 210
3 9 300 0.003515 1 359 0.003326 0 413 0.003175
-2.13961 -0.773477 -1.22033
129 70 37
3 9 312 0.00358 7 662 0.003476 1 890 0.003615
-2.17095 -0.508472 -1.35644
26 22 15
2 9 358 0.00358 1 424 0.003365
-2.20236 -0.896707 -1.33157
46 46 21
3 9 368 0.00358 1 905 0.00358 0 480 0.00358
-2.1213 -1.17333 -1.45611
200 93 121
2 9 409 0.003429 1 440 0.003087
-2.5109 -0.851781 -0.811919
223 119 155
2 9 646 0.00451 2 142 0.00358
-2.44626 -0.935382 -0.84816
216 164 177
3 9 648 0.00451 8 1082 0.00451 7 1070 0.004435
-2.25115 -1.24386 -0.962662
162 161 175
5 9 670 0.00451 5 418 0.00358 2 174 0.002963 1 845 0.00451 0 942 0.00451
-2.26256 -0.496287 -1.09756
238 49 54
6 9 671 0.004207 7 1120 0.00358 3 339 0.003288 2 282 0.003349 1 862 0.003929 0 960 0.00358
-2.26814 -1.00707 -1.0156
99 112 105
5 9 672 0.00358 5 429 0.002841 2 203 0.002841 1 851 0.00358 0 313 0.00298
-2.25722 -0.486785 -1.1233
241 51 58
4 9 675 0.00375 7 571 0.003089 1 867 0.00358 0 357 0.003188
-2.26654 -0.434023 -1.1524
219 218 216
4 9 680 0.003875 2 305 0.002982 1 873 0.00358 0 374 0.003058
-2.20199 -0.619266 -1.15662
224 224 222
6 9 688 0.003621 5 508 0.002846 3 356 0.002841 2 297 0.002939 1 345 0.003425 0 390 0.003057
-2.22359 -1.19589 -1.10388
202 74 111
6 9 693 0.003934 8 565 0.00358 7 550 0.00358 5 521 0.003308 2 226 0.002948 0 365 0.00358
-2.19082 -0.613376 -1.1995
217 217 216
3 9 696 0.00358 7 632 0.00304 1 881 0.00358
-2.20679 -1.02806 -1.15194
74 98 84
2 9 703 0.00358 7 584 0.002925
-2.19207 -0.576113 -1.22774
211 209 210
3 9 708 0.003711 2 333 0.002841 0 436 0.003067
-2.18385 -0.605242 -1.22987
210 210 210
4 9 709 0.00358 7 661 0.002941 1 377 0.003345 0 438 0.003147
-2.19336 -0.422112 -1.3682
168 125 125
2 9 725 0.004132 2 410 0.00358
-2.18351 -0.461665 -1.36901
185 140 143
2 9 726 0.00399 7 716 0.002957
-2.18991 -0.439672 -1.3694
176 130 131
3 9 727 0.00451 7 712 0.003541 1 925 0.004249
-2.18184 -0.478759 -1.37296
174 134 136
6 9 728 0.003867 7 722 0.003018 3 470 0.00358 2 403 0.00358 1 433 0.00358 0 494 0.00358
-2.20516 -0.388451 -1.38257
68 29 30
3 9 729 0.00451 1 926 0.004174 0 1009 0.003852
-2.15785 -0.537435 -1.37182
174 135 133
3 9 734 0.00358 1 435 0.003036 0 504 0.002841
-2.11068 -0.717637 -1.36305
155 93 56
3 9 737 0.003795 1 428 0.003031 0 510 0.003523
-2.08912 -0.62522 -1.49852
208 183 38
3 9 748 0.003992 1 504 0.00358 0 563 0.003538
-2.9147 -0.603219 -0.289639
169 171 164
2 9 833 0.004899 2 983 0.00547
-2.85919 -0.792586 -0.280125
191 193 188
2 9 834 0.005518 1 1342 0.007159
-2.89372 0.312204 -0.836033
199 208 197
2 9 853 0.004817 1 1072 0.005347
-2.22696 -0.556521 -1.14618
43 46 48
4 9 882 0.005666 3 965 0.004173 2 818 0.004467 1 1104 0.005401
-2.21079 -1.07432 -1.09671
97 125 107
2 9 887 0.005682 1 1095 0.005682
-2.25446 -0.412719 -1.20806
55 39 39
5 9 890 0.005091 7 1140 0.004287 2 835 0.004217 1 1111 0.004752 0 988 0.004102
-2.23445 -0.458327 -1.21467
35 37 39
6 9 893 0.004589 7 1144 0.00358 3 988 0.003753 2 834 0.003742 1 886 0.00451 0 989 0.003914
-2.20151 -0.564723 -1.21051
39 38 43
4 9 894 0.005682 5 1290 0.0046 1 1113 0.005259 0 1217 0.004779
-2.24563 -0.407014 -1.23591
60 28 27
2 9 895 0.005451 1 894 0.00451
-2.24211 -0.405732 -1.25187
55 28 30
3 9 897 0.005506 7 1148 0.004359 1 897 0.00451
-2.20839 -0.393598 -1.34816
46 26 38
3 9 904 0.005682 7 1161 0.00358 1 1123 0.005459
-2.12602 -0.632659 -1.38976
37 24 2
5 9 909 0.004722 8 729 0.00358 7 743 0.00358 1 932 0.004088 0 1014 0.004027
-2.09547 0.348333 -1.55116
85 101 37
2 9 913 0.004785 1 1146 0.004576
-2.14576 -1.13728 -1.41269
72 157 177
5 9 915 0.00451 8 674 0.003398 7 720 0.00358 5 672 0.003463 2 345 0.003076
-3.20182 0.398019 -0.432866
106 81 82
2 9 959 0.005727 2 1286 0.008988
-2.87787 0.099983 -0.488295
212 227 222
3 9 961 0.007159 2 1134 0.005682 1 1196 0.006859
-2.90098 0.359402 -0.832707
193 194 188
2 9 986 0.006018 2 1169 0.00585
-2.33496 -1.31544 -0.676499
177 140 149
2 9 994 0.007159 2 1001 0.005682
-2.24086 -1.25248 -0.979631
119 179 183
6 9 1027 0.007159 8 1468 0.007159 7 1483 0.007159 5 1412 0.007159 2 1025 0.005256 0 1347 0.007159
-2.22983 -1.24467 -1.02782
116 176 191
6 9 1033 0.006709 8 1473 0.007159 7 1489 0.007159 3 913 0.00358 2 1035 0.00451 1 1248 0.007159
-2.20955 -0.598024 -1.15031
32 31 36
3 9 1037 0.007159 7 1327 0.005193 1 1263 0.007159
-2.21434 -1.07103 -1.10208
90 123 100
2 9 1040 0.007159 1 1255 0.007159
-2.23093 -0.494526 -1.1845
217 218 216
3 9 1041 0.006267 7 1329 0.004565 1 1269 0.005682
-2.19916 -0.604346 -1.17729
28 28 30
5 9 1044 0.005767 7 1331 0.00451 2 1050 0.00451 1 1267 0.005682 0 1210 0.004827
-2.25243 -0.409983 -1.20907
59 34 32
2 9 1045 0.007115 1 1271 0.006816
-2.2207 -0.510613 -1.20667
30 30 31
4 9 1046 0.006345 7 1332 0.00476 2 1054 0.004795 1 1270 0.006318
-2.16946 -0.650627 -1.21916
35 31 32
3 9 1050 0.006711 1 1114 0.005682 0 1379 0.006328
-2.16648 -0.655489 -1.26841
68 15 21
2 9 1057 0.006028 1 1116 0.004835
-2.17231 -0.581002 -1.28498
25 20 24
2 9 1061 0.006507 0 1381 0.005682
-2.43187 -1.10927 -0.670944
216 103 140
3 9 1148 0.00786 8 1617 0.009591 7 1564 0.007747
-2.85082 0.479944 -1.15271
175 170 164
4 9 1161 0.007272 7 1088 0.00451 2 1200 0.006525 1 1254 0.006128
-2.27513 -0.480337 -1.08164
107 21 24
2 9 1163 0.008691 1 1379 0.00902
-2.24963 -1.06293 -1.00958
65 78 71
2 9 1164 0.008482 2 1168 0.007159
-2.28701 -0.953886 -1.033
123 134 130
3 9 1165 0.00902 1 1376 0.008007 0 1482 0.008261
-2.21143 -0.573115 -1.17712
99 105 97
3 9 1169 0.007675 8 1332 0.005306 7 1497 0.006531
-2.23069 -1.04441 -1.06876
69 85 75
3 9 1226 0.00902 2 1302 0.007383 1 1417 0.00902
-2.20037 -0.523773 -1.25081
199 199 197
5 9 1229 0.011365 8 1491 0.007159 7 1591 0.008667 1 1426 0.010728 0 1530 0.009743
-2.19899 -1.01767 -1.18588
56 55 58
3 9 1231 0.01032 7 1629 0.009059 1 1422 0.00985
-2.14778 -0.941625 -1.40369
57 54 54
5 9 1233 0.010113 7 1593 0.00902 5 1589 0.009488 0 1534 0.009602 1 1429 0.010467
-2.82144 -0.714074 -0.440784
176 181 174
3 9 1239 0.012257 1 1472 0.01554 0 1601 0.015092
-2.18353 -0.938068 -1.3422
112 177 118
2 9 1260 0.014319 0 1586 0.013403
-2.25402 -1.12775 -1.04325
49 67 52
5 9 1303 0.025456 5 1657 0.026654 2 1435 0.01881 1 1510 0.025232 0 1638 0.024991
-2.23883 -0.980883 -1.14263
116 191 134
4 9 1304 0.024053 5 1658 0.025088 1 1512 0.023353 0 1639 0.024013
-2.15906 -1.04628 -1.25732
41 40 36
2 9 1318 0.028638 1 1521 0.028638
-2.93704 -0.277715 -0.264269
176 182 178
2 10 4 0.00358 9 582 0.00451
-2.89738 -0.125017 -0.30209
123 126 109
2 10 5 0.00322 9 54 0.00358
-2.85286 -0.000273 -0.336076
205 218 209
2 10 7 0.00358 9 49 0.003276
-2.89779 -0.652137 -0.288835
174 178 179
2 10 24 0.003423 0 65 0.003362
-2.87697 0.006877 -0.378183
138 147 130
3 10 25 0.003561 9 66 0.003475 1 64 0.003325
-2.92674 -0.227526 -0.336434
136 134 124
2 10 27 0.00358 9 80 0.00358
-2.87381 0.114987 -0.475024
218 231 228
2 10 46 0.003211 0 99 0.003537
-2.74373 -0.529363 -0.491181
170 165 165
2 10 65 0.00358 9 131 0.00358
-2.72965 -0.934075 -0.459927
201 203 198
2 10 69 0.00358 9 606 0.003732
-2.87641 0.046704 -0.579465
160 174 161
3 10 84 0.003174 7 289 0.002841 1 123 0.003143
-2.88525 0.059629 -0.587431
208 224 214
2 10 85 0.00358 9 128 0.00358
-2.8567 0.080149 -0.600522
205 220 217
3 10 86 0.00358 1 129 0.002841 0 140 0.002841
-2.40187 -1.13049 -0.685896
162 187 196
2 10 116 0.003122 0 1167 0.00531
-2.91072 0.391872 -0.856089
186 189 182
2 10 165 0.003404 0 187 0.003448
-3.00899 0.464471 -0.84195
58 51 60
5 10 166 0.003337 8 1057 0.004226 7 1044 0.004343 1 1067 0.005626 0 178 0.003187
-2.86909 0.349201 -0.937299
202 203 189
2 10 189 0.00358 9 200 0.00358
-2.25169 -1.26383 -0.929995
207 114 142
4 10 199 0.003413 9 253 0.003429 7 497 0.003375 1 240 0.003381
-2.9043 -0.005866 -0.938649
93 141 71
2 10 204 0.00358 9 213 0.00358
-2.24497 -1.25855 -0.95894
201 115 148
3 10 206 0.003066 9 260 0.002841 0 284 0.002841
-2.23709 -1.26724 -0.973346
148 176 198
3 10 212 0.00343 1 251 0.00346 0 298 0.003529
-2.20767 -0.672603 -1.08663
65 63 66
4 10 228 0.003494 5 463 0.00358 1 312 0.003237 0 346 0.002986
-2.70858 -0.294136 -1.04806
102 102 56
2 10 229 0.003476 9 252 0.003566
-2.25359 -0.504404 -1.11164
155 54 66
3 10 233 0.002925 9 270 0.003025 1 322 0.002898
-2.1973 -0.669261 -1.11652
57 55 58
3 10 239 0.003414 9 281 0.003076 1 324 0.002985
-2.20772 -0.550385 -1.19779
223 224 226
3 10 256 0.003419 9 297 0.003539 1 356 0.003049
-2.21042 -0.534336 -1.21294
61 62 65
5 10 258 0.003525 9 700 0.003661 7 633 0.00303 1 366 0.003517 0 418 0.003151
-2.24534 -0.422224 -1.22092
221 226 228
3 10 259 0.002922 9 298 0.003034 1 369 0.002841
-2.21191 -0.520257 -1.22513
219 219 223
2 10 261 0.00358 1 372 0.00301
-2.12816 -0.740379 -1.24603
200 139 94
2 10 264 0.003122 9 322 0.003538
-2.23369 -0.417608 -1.26727
219 216 212
3 10 267 0.00358 9 310 0.003301 1 390 0.002974
-2.7091 -0.236723 -1.24675
67 108 37
2 10 273 0.003098 9 302 0.003291
-4.4749 -3.69838 -0.87188
10 6 5
2 10 275 0.00358 9 717 0.00451
-2.72359 -0.17722 -1.3085
60 91 32
2 10 290 0.00358 9 316 0.003427
-2.74492 -0.155107 -1.31384
94 128 67
2 10 292 0.003223 9 318 0.003161
-2.16995 -0.496206 -1.37012
192 160 162
4 10 301 0.00358 9 730 0.003853 7 728 0.003027 1 432 0.00358
-2.15028 -0.560841 -1.37405
160 129 127
6 10 304 0.003572 9 369 0.003514 7 736 0.002841 5 621 0.002841 1 434 0.003051 0 506 0.002841
-2.13123 -0.619694 -1.37463
146 119 112
3 10 307 0.00358 9 374 0.003308 1 437 0.002984
-2.14391 0.239151 -1.48584
109 146 54
2 10 328 0.003551 9 377 0.00333
-1.82408 -0.053142 -1.5477
37 36 24
2 10 345 0.003013 9 413 0.003194
-1.99718 -0.462875 -1.53367
57 50 0
2 10 346 0.003001 9 422 0.003179
-1.97722 -0.398474 -1.54898
38 34 1
2 10 349 0.002841 9 433 0.00358
-2.08878 -0.979777 -1.56686
75 100 78
2 10 360 0.003222 9 774 0.004052
-1.73448 -1.06385 -1.63741
13 12 7
2 10 425 0.00358 9 505 0.00358
-1.63863 -0.758008 -1.65997
16 14 12
2 10 447 0.00358 9 516 0.003346
-1.5565 0.035252 -1.68959
142 129 136
2 10 459 0.003516 9 511 0.002901
-1.7318 0.082194 -1.71739
147 127 129
2 10 465 0.00358 9 510 0.00358
-1.69109 -0.066123 -1.71517
134 124 123
2 10 467 0.003141 9 517 0.003405
-3.04005 -2.80467 -2.04086
34 24 22
2 10 522 0.003339 9 554 0.003435
-2.88455 -0.139862 -0.29173
127 130 112
5 10 647 0.003789 9 581 0.0042 5 34 0.003467 1 45 0.003141 0 66 0.002894
-3.02764 0.122114 -0.322313
214 224 225
3 10 651 0.004325 1 1348 0.007685 0 846 0.00451
-2.87431 -0.029592 -0.369425
117 125 101
3 10 654 0.003979 9 64 0.003108 0 76 0.00307
-2.77125 -0.676808 -0.487734
149 144 141
5 10 672 0.00358 9 141 0.003225 7 254 0.00358 5 96 0.00358 0 106 0.00358
-2.68105 -0.849837 -0.527645
238 243 246
2 10 673 0.004257 9 848 0.004829
-2.87348 0.073895 -0.57454
168 177 168
5 10 674 0.003819 9 596 0.003678 7 290 0.003322 1 794 0.003737 0 132 0.00351
-2.50911 -1.27988 -0.567178
170 166 157
2 10 677 0.00438 9 624 0.004078
-2.83624 0.130322 -0.638988
205 219 213
2 10 679 0.00451 9 132 0.00358
-2.79762 0.165145 -0.67711
212 222 223
3 10 684 0.00451 1 1062 0.004561 0 893 0.00419
-2.47389 -0.989906 -0.663725
224 142 170
2 10 690 0.00451 9 630 0.00451
-2.93106 -0.538157 -0.610966
123 131 130
2 10 696 0.00358 9 618 0.00358
-2.86881 0.054581 -0.694665
106 120 94
3 10 697 0.004077 1 151 0.0031 0 165 0.00352
-2.83976 0.070184 -0.791887
82 92 58
2 10 701 0.004327 0 903 0.003582
-2.91053 0.309184 -0.808984
181 184 177
2 10 702 0.00389 0 176 0.003475
-2.89186 0.34717 -0.857613
196 199 194
5 10 714 0.00369 9 629 0.003917 2 215 0.00358 1 822 0.004013 0 188 0.003202
-2.88598 0.342559 -0.87966
178 179 175
4 10 717 0.004306 2 796 0.00451 1 826 0.00451 0 907 0.004048
-2.77729 0.17416 -0.913314
105 104 83
2 10 721 0.004247 9 638 0.004346
-2.26885 -1.25594 -0.9081
159 175 191
2 10 723 0.00368 1 230 0.00358
-2.28974 -1.2007 -0.909109
157 174 193
2 10 724 0.00451 9 665 0.00451
-2.37081 -1.02139 -0.923475
168 189 209
2 10 728 0.00451 9 664 0.00451
-2.8817 0.405469 -0.992149
207 206 201
2 10 737 0.00378 0 219 0.003246
-2.23914 -0.559364 -1.09769
214 222 225
3 10 748 0.00358 9 673 0.003702 7 568 0.00358
-2.22241 -0.613317 -1.10021
218 218 219
8 10 749 0.003958 9 674 0.00396 8 620 0.002841 7 570 0.003419 3 324 0.002847 2 272 0.003106 1 864 0.003822 0 965 0.00358
-2.24663 -0.51349 -1.12304
234 75 85
8 10 752 0.00358 9 677 0.0036 7 576 0.00292 5 464 0.002994 3 352 0.002961 2 292 0.003058 1 866 0.00358 0 361 0.003064
-2.26586 -0.448707 -1.13822
108 85 96
7 10 754 0.004233 9 679 0.004159 7 581 0.003369 5 467 0.003362 2 299 0.003399 1 869 0.003922 0 368 0.003529
-2.20104 -0.635036 -1.14479
69 69 77
7 10 755 0.004369 9 685 0.00451 7 1134 0.003629 5 1052 0.003889 2 814 0.00358 1 871 0.004325 0 979 0.00386
-2.24335 -0.494702 -1.15289
218 229 231
8 10 756 0.003827 9 683 0.003929 8 633 0.002841 7 595 0.003303 5 482 0.002841 2 300 0.00303 1 874 0.00358 0 379 0.003255
-2.25625 -0.460004 -1.15276
228 227 238
6 10 757 0.003772 9 681 0.003752 7 592 0.002956 2 302 0.002928 1 336 0.00358 0 375 0.003021
-2.16237 -0.745583 -1.15519
218 166 119
3 10 759 0.004084 9 294 0.003531 1 343 0.002886
-2.72217 -0.308017 -1.12912
93 134 68
2 10 761 0.00358 9 278 0.00358
-2.25328 -0.428468 -1.19379
229 225 230
7 10 762 0.003598 9 689 0.003612 7 612 0.002969 3 398 0.002841 2 327 0.002841 1 352 0.00358 0 400 0.002962
-2.21759 -0.529996 -1.19765
223 224 225
5 10 765 0.00358 9 691 0.003598 7 622 0.002882 5 526 0.002917 2 318 0.002841
-2.24329 -0.441789 -1.20543
76 81 90
7 10 767 0.004005 9 690 0.004133 7 618 0.003337 3 402 0.00358 2 334 0.003325 1 883 0.003869 0 409 0.003497
-2.17757 -0.642098 -1.20127
210 214 214
3 10 769 0.00358 9 701 0.00358 0 423 0.002841
-2.18099 -0.625442 -1.20996
56 54 57
6 10 772 0.004035 9 704 0.004082 5 548 0.003122 2 317 0.003347 1 885 0.003839 0 995 0.00358
-2.1901 -0.593699 -1.21744
38 38 40
6 10 773 0.004313 9 705 0.004328 2 322 0.003359 0 996 0.003647 7 647 0.003475 1 887 0.004031
-2.24055 -0.439342 -1.22348
227 225 229
6 10 774 0.003811 9 697 0.003953 7 630 0.003449 3 993 0.00358 2 839 0.00358 1 888 0.003763
-2.20174 -0.544277 -1.22639
219 223 226
3 10 778 0.00358 9 707 0.00358 7 651 0.002841
-2.21904 -0.476938 -1.24572
89 88 88
5 10 780 0.004127 8 665 0.002841 7 656 0.003197 2 352 0.003272 1 895 0.003827
-2.18955 -0.556566 -1.25245
70 69 76
6 10 783 0.004054 9 712 0.003909 7 669 0.003132 5 566 0.002922 2 348 0.003033 1 898 0.00358
-2.24998 -0.87362 -1.23359
25 24 19
2 10 784 0.003755 0 428 0.003168
-2.19902 -0.515309 -1.26898
217 218 221
7 10 785 0.00358 9 317 0.00358 8 679 0.002841 7 673 0.002843 2 358 0.002841 1 393 0.003217 0 451 0.002841
-2.18156 -1.16132 -1.2702
204 90 125
6 10 790 0.003922 9 723 0.003768 7 645 0.003263 2 287 0.002844 1 882 0.00358 0 459 0.003417
-2.2038 -0.403752 -1.36787
196 156 157
6 10 798 0.003903 9 724 0.003763 7 710 0.002841 2 413 0.002939 1 429 0.003322 0 489 0.003178
-2.16315 -0.516626 -1.37034
183 141 143
3 10 803 0.003622 9 733 0.003619 1 431 0.003307
-2.14932 -0.547079 -1.38703
43 27 12
3 10 805 0.004411 7 738 0.003047 1 931 0.003757
-2.08931 -0.752152 -1.40839
130 76 44
4 10 814 0.00382 9 744 0.004437 7 764 0.002841 0 534 0.002841
-2.13725 -1.12756 -1.46019
76 165 179
4 10 818 0.003839 7 746 0.00322 1 927 0.003616 0 543 0.003161
-2.13947 -0.900454 -1.49708
130 152 138
5 10 822 0.003717 9 417 0.003459 7 770 0.002841 1 462 0.002947 0 553 0.002935
-2.127 -0.921292 -1.50138
119 148 123
4 10 823 0.003689 9 753 0.00358 1 465 0.003137 0 558 0.002841
-2.13264 -0.885858 -1.52928
151 171 154
7 10 826 0.00358 9 759 0.00451 7 784 0.003399 5 695 0.00358 2 422 0.00358 1 945 0.003976 0 1029 0.00358
-2.06756 -1.14573 -1.56665
199 81 116
2 10 840 0.00439 1 954 0.003814
-1.58758 -0.409369 -1.71751
165 164 156
2 10 884 0.00451 9 810 0.0045
-1.56157 -0.481448 -1.72342
154 155 146
2 10 886 0.004103 9 812 0.00414
-2.75675 -0.471392 -0.328762
160 166 164
2 10 919 0.005362 9 584 0.004509
-2.86763 -0.791474 -0.280572
189 191 188
3 10 920 0.005192 7 1546 0.007761 0 1134 0.005173
-2.89318 0.053279 -0.425211
147 154 130
2 10 923 0.005272 9 830 0.004869
-7.0756 -4.68077 1.54605
54 26 22
2 10 926 0.004827 9 837 0.004952
-2.82225 0.127902 -0.678095
113 116 111
5 10 937 0.005682 7 1287 0.005044 2 768 0.003993 5 953 0.00451 0 892 0.00451
-2.3083 -1.34894 -0.681004
191 127 150
2 10 941 0.005335 9 858 0.005078
-6.44119 -5.27298 0.874628
35 24 20
2 10 943 0.005505 9 854 0.005193
-2.26645 -0.305327 -0.94501
125 171 98
2 10 954 0.004612 9 645 0.003769
-2.28732 -0.432944 -1.08057
157 100 105
2 10 967 0.00451 9 1020 0.0062
-2.27323 -0.956715 -1.06155
122 147 145
3 10 969 0.004798 9 881 0.005137 1 1094 0.005682
-2.22425 -0.582173 -1.12233
210 214 215
8 10 970 0.005084 9 880 0.00501 7 1130 0.004166 5 1047 0.004331 3 957 0.004047 2 811 0.004055 1 1102 0.004883 0 1205 0.00451
-2.19147 -0.6628 -1.14656
68 65 68
6 10 972 0.004764 9 687 0.00451 5 507 0.00358 2 290 0.00358 1 872 0.004331 0 980 0.003941
-2.22945 -0.532672 -1.15708
222 222 226
7 10 974 0.004816 9 884 0.005115 7 1133 0.004334 3 366 0.003243 2 821 0.003777 1 1105 0.004689 0 978 0.003949
-2.22355 -1.00881 -1.12787
100 147 129
7 10 975 0.004926 9 892 0.004792 7 1121 0.004274 5 1061 0.00451 2 801 0.003912 1 1096 0.004743 0 974 0.00451
-2.242 -0.473671 -1.17655
100 101 112
7 10 976 0.004591 9 886 0.004552 7 1137 0.003642 3 385 0.003529 2 827 0.00358 1 877 0.004288 0 982 0.003592
-2.24047 -0.460432 -1.19546
226 227 229
5 10 977 0.00451 7 615 0.003526 3 983 0.00358 2 833 0.00358 0 986 0.00358
-2.22069 -0.51031 -1.20564
64 65 70
2 10 979 0.005682 1 1110 0.005682
-2.13653 -0.720923 -1.25786
213 163 112
3 10 982 0.00451 9 715 0.004446 1 900 0.003714
-2.20617 -0.486705 -1.26619
216 216 214
6 10 983 0.00451 9 899 0.004566 5 564 0.00358 2 360 0.00358 1 902 0.004173 0 999 0.003844
-1.66301 -0.244711 -1.6306
18 19 14
2 10 1016 0.00451 9 937 0.004938
-1.77913 0.154621 -1.69034
199 199 195
2 10 1028 0.005222 9 939 0.005682
-1.57098 -0.402144 -1.74365
145 136 131
2 10 1030 0.004723 9 953 0.004521
-2.87877 -0.681945 -0.298438
181 186 180
7 10 1047 0.007045 9 962 0.006516 8 1381 0.007159 7 1397 0.00691 2 1118 0.006369 1 1344 0.007159 0 1286 0.006601
-2.81551 -0.853626 -0.380545
145 136 134
6 10 1052 0.00628 9 966 0.006313 7 1550 0.00723 2 1122 0.006044 1 1350 0.007159 0 1291 0.007159
-2.71844 -0.904662 -0.482371
165 165 163
2 10 1056 0.006546 9 975 0.005996
-2.88377 0.108891 -0.565317
171 180 172
2 10 1059 0.006802 9 965 0.006261
-3.05672 0.339411 -0.534261
113 79 69
2 10 1060 0.007159 9 1207 0.009555
-2.50034 -1.23036 -0.562696
166 161 155
2 10 1064 0.006143 9 852 0.004708
-2.86172 0.071881 -0.643545
136 140 123
2 10 1067 0.006933 9 969 0.006335
-2.81947 0.128352 -0.675777
121 124 117
5 10 1069 0.007159 9 971 0.007044 7 1434 0.006524 1 1214 0.00686 0 1307 0.006621
-2.43107 -1.10773 -0.669213
223 127 157
2 10 1073 0.007159 0 1316 0.007159
-2.89116 0.264994 -0.822909
182 184 178
2 10 1096 0.005682 9 988 0.005682
-2.32688 -1.11241 -0.886828
59 149 175
2 10 1107 0.007159 9 1010 0.006798
-2.86962 0.351953 -0.924375
194 199 192
4 10 1111 0.007159 9 1150 0.007393 2 1179 0.00596 1 1230 0.006709
-2.20413 -0.916492 -0.954245
176 189 209
2 10 1115 0.007159 9 1013 0.007159
-2.27383 -1.22144 -0.929027
77 176 206
2 10 1118 0.005943 9 1017 0.005702
-2.25057 -1.1193 -0.947202
161 181 205
3 10 1119 0.007159 1 1374 0.007709 0 1479 0.007159
-2.24618 -1.16567 -0.983708
114 177 194
2 10 1123 0.007159 9 1025 0.007159
-2.25721 -0.521391 -1.09574
92 80 79
3 10 1132 0.007159 9 1026 0.006676 1 1256 0.006174
-2.26859 -0.967656 -1.06257
114 140 137
4 10 1133 0.007159 7 1490 0.006397 5 1419 0.005865 0 1354 0.006635
-2.75539 -0.177324 -1.05521
23 51 3
2 10 1135 0.006664 9 1016 0.006855
-2.25296 -0.996586 -1.06834
116 146 140
2 10 1136 0.007144 9 1034 0.007159
-2.75521 -0.209695 -1.06585
116 168 83
4 10 1137 0.006722 9 1018 0.00678 7 1309 0.004674 2 1041 0.004689
-2.20466 -0.643887 -1.12144
215 218 219
7 10 1138 0.005918 9 1032 0.005682 7 1325 0.004847 2 1046 0.00464 1 1260 0.005682 5 1281 0.004925 0 1206 0.005135
-2.20098 -0.564035 -1.21173
75 75 81
4 10 1145 0.006354 9 1047 0.006269 7 1333 0.004586 2 1053 0.00451
-2.22623 -0.427885 -1.26295
216 210 214
2 10 1146 0.007073 9 1052 0.007079
-2.23301 -0.455245 -1.28207
70 63 73
2 10 1148 0.007159 9 1054 0.007159
-2.22395 -0.4057 -1.28771
76 56 66
3 10 1149 0.007159 9 1055 0.007159 1 1277 0.007159
-2.19378 -0.498592 -1.29081
64 63 76
2 10 1150 0.007159 9 1059 0.007159
-2.20584 -0.938039 -1.27287
107 108 113
2 10 1151 0.007159 9 903 0.005216
-1.99805 -0.455934 -1.5379
135 135 82
2 10 1164 0.006447 9 1081 0.006644
-2.78567 -0.898897 -0.396398
196 201 195
4 10 1214 0.008383 9 1134 0.008789 1 1405 0.009644 0 1456 0.008675
-2.92597 0.029357 -0.60073
145 164 147
2 10 1223 0.008907 9 1210 0.011365
-6.40504 -5.02837 0.896368
7 8 7
2 10 1224 0.007293 9 989 0.006382
-2.88107 0.034424 -0.65661
152 166 144
4 10 1226 0.007477 9 977 0.007159 1 1210 0.006629 0 1305 0.006151
-2.28835 -1.24176 -0.865317
74 178 215
7 10 1236 0.007159 9 1009 0.006382 8 1456 0.006083 7 1469 0.006087 2 1018 0.004584 1 1225 0.006243 0 1330 0.005962
-2.25417 -1.22302 -0.98629
208 106 139
6 10 1245 0.007159 7 1484 0.006083 5 1413 0.005682 2 1029 0.005486 1 1244 0.006755 0 1348 0.005953
-2.20649 -0.666182 -1.09501
61 59 64
4 10 1247 0.007159 9 1030 0.006925 5 1421 0.006211 0 1359 0.006199
-2.1909 -0.635175 -1.17729
219 222 220
3 10 1252 0.007422 9 1170 0.007341 1 1268 0.00685
-2.17085 -0.912363 -1.40575
95 92 100
2 10 1260 0.00726 9 1073 0.00625
-1.70452 -0.346095 -1.65682
110 126 122
2 10 1276 0.007437 9 1198 0.00902
-1.51461 -0.705477 -1.7592
150 147 142
2 10 1281 0.007159 9 1125 0.007159
-2.83626 -0.686276 -0.360934
144 135 126
2 10 1287 0.009802 9 1208 0.009097
-2.8879 0.019465 -0.932692
93 146 72
2 10 1296 0.010566 1 1410 0.00902
-2.90566 -0.046416 -0.935282
29 49 15
2 10 1297 0.00934 1 1365 0.008015
-2.84358 0.096072 -0.71227
186 203 193
2 10 1321 0.014319 0 1511 0.010204
-2.18622 -0.608292 -1.25577
186 185 188
2 10 1335 0.011838 9 1256 0.011962
-2.50042 -1.31277 -0.563705
174 171 166
2 10 1345 0.015006 9 1276 0.015029
-2.74892 -0.653085 -0.647702
240 202 222
2 10 1347 0.018041 9 1240 0.013575
-2.27666 -1.14954 -1.03562
29 23 23
3 10 1350 0.018041 1 1480 0.018041 0 1626 0.018041
-2.21934 -1.0568 -1.11125
100 137 116
3 10 1351 0.014319 9 1254 0.011407 0 1579 0.011365
-2.1494 -0.582003 -1.33353
42 38 39
2 10 1373 0.028638 9 1308 0.027169
