MULTI-VIEW STEREO LOG FILE
--------------------------

Data main path is /home/clickme/compile/mve/data/mve-kermit-20130522
      Master image:     2
 Global VS maximum:    20
   Use color scale:  true
Global View Selection: 0 1 3 5 7 8 9 10
Started to process 679 features.
Processed 634 features, from which 505 succeeded optimization.
Process queue ...
Count:        0  filled:      463  Queue:      481
Count:      760  filled:     1000  Queue:     1091
Count:     2292  filled:     2000  Queue:     2110
Count:     3873  filled:     3000  Queue:     2934
Count:     5625  filled:     4000  Queue:     3690
Count:     7478  filled:     5000  Queue:     4254
Count:     9506  filled:     6000  Queue:     4714
Count:    12080  filled:     7000  Queue:     4667
Count:    14758  filled:     8000  Queue:     4804
Count:    17255  filled:     9000  Queue:     5149
Count:    19549  filled:    10000  Queue:     5793
Count:    22211  filled:    11000  Queue:     6116
Count:    24683  filled:    12000  Queue:     6622
Count:    27444  filled:    13000  Queue:     6899
Count:    30359  filled:    14000  Queue:     7245
Count:    33561  filled:    15000  Queue:     7604
Count:    36406  filled:    16000  Queue:     8016
Count:    39606  filled:    17000  Queue:     8183
Count:    42137  filled:    18000  Queue:     8733
Count:    45306  filled:    19000  Queue:     8757
Count:    48901  filled:    20000  Queue:     8587
Count:    52158  filled:    21000  Queue:     8818
Count:    55940  filled:    22000  Queue:     8618
Count:    59373  filled:    23000  Queue:     8899
Count:    63937  filled:    24000  Queue:     8556
Count:    68177  filled:    25000  Queue:     7839
Count:    74075  filled:    26000  Queue:     5671
Count:    81370  filled:    27000  Queue:     1967
Filled 27245 pixels, i.e. 35.5 %.
MVS took 44 seconds.
